<?xml version="1.0" encoding="UTF-8"?>
<!-- Generated by org.testng.reporters.JUnitReportReporter -->
<testsuite hostname="MC9011082216" failures="0" tests="2" name="nopcommerce.crossbrowser.Crossbrowser" time="10.941" errors="0" timestamp="2023-03-23T17:53:52 IST" skipped="0">
  <testcase classname="nopcommerce.crossbrowser.Crossbrowser" name="launchapp" time="4.401"/>
  <system-out/>
  <testcase classname="nopcommerce.crossbrowser.Crossbrowser" name="launchapp" time="6.540"/>
  <system-out/>
</testsuite> <!-- nopcommerce.crossbrowser.Crossbrowser -->
